<?xml version="1.0" encoding="UTF-8"?>
<!-- Generated by org.testng.reporters.JUnitReportReporter -->
<testsuite hostname="DESKTOP-K5HF3LH" failures="0" tests="2" name="fleetwally.wally.LoginValidation" time="12.958" errors="0" timestamp="2023-04-05T12:55:40 IST" skipped="0">
  <testcase classname="fleetwally.wally.LoginValidation" name="LoginApplication" time="5.396"/>
  <system-out/>
  <testcase classname="fleetwally.wally.LoginValidation" name="logout" time="7.562"/>
  <system-out/>
</testsuite> <!-- fleetwally.wally.LoginValidation -->
