<?xml version="1.0" encoding="UTF-8"?>
<!-- Generated by org.testng.reporters.JUnitReportReporter -->
<testsuite hostname="DESKTOP-K5HF3LH" failures="0" tests="1" name="fleetwally.wally.ForgetPasswordValidation" time="5.012" errors="0" timestamp="2023-04-05T12:55:40 IST" skipped="0">
  <testcase classname="fleetwally.wally.ForgetPasswordValidation" name="test_1" time="5.012"/>
  <system-out/>
</testsuite> <!-- fleetwally.wally.ForgetPasswordValidation -->
